yarn run v1.22.5
$ compodoc -p ./tsconfig.json -e json -d .
[0m
[0m [0m [0m [0m [0m [0m [0m [0m [0m [0m [0m [0m [0m [0m [0m [0m [0m [0m [0m [0m [0m [0m [0m [0m [0m [0m [0m [0m [0m [0m [0m [0m [0m [0m [0m [0m [0m [0m [0m [0m [0m [0m [0m [0m [0m [0m [0m [0m [0m [0m [0m [0m [0m [0m [0m [0m [0m [0m [0m [48;5;255m [48;5;255m [0m [0m [0m [0m [0m [0m [0m [0m [0m [0m [0m [0m
[0m [0m [0m [0m [0m [0m [0m [0m [0m [0m [0m [0m [0m [0m [0m [0m [0m [0m [0m [0m [0m [0m [0m [0m [0m [0m [0m [0m [0m [0m [0m [0m [0m [0m [0m [0m [0m [0m [0m [0m [0m [0m [0m [0m [0m [0m [0m [0m [0m [0m [0m [0m [0m [0m [0m [0m [0m [0m [0m [48;5;255m [48;5;255m [0m [0m [0m [0m [0m [0m [0m [0m [0m [0m [0m [0m
[0m [0m [0m [0m [0m [0m [0m [0m [0m [0m [0m [0m [0m [0m [0m [0m [0m [0m [0m [0m [0m [0m [0m [0m [0m [0m [0m [0m [0m [0m [0m [0m [0m [0m [0m [0m [0m [0m [0m [0m [0m [0m [0m [0m [0m [0m [0m [0m [0m [0m [0m [0m [0m [0m [0m [0m [0m [0m [0m [48;5;255m [48;5;255m [0m [0m [0m [0m [0m [0m [0m [0m [0m [0m [0m [0m
[48;5;255m [48;5;255m [48;5;255m [48;5;255m [48;5;255m [48;5;255m [48;5;255m [0m [0m [48;5;255m [48;5;255m [48;5;255m [48;5;255m [48;5;255m [48;5;255m [48;5;255m [48;5;255m [0m [0m [48;5;255m [48;5;255m [48;5;255m [48;5;255m [48;5;255m [48;5;255m [48;5;255m [48;5;255m [48;5;255m [48;5;255m [48;5;255m [48;5;255m [0m [0m [48;5;255m [48;5;255m [48;5;255m [48;5;255m [48;5;255m [48;5;255m [48;5;255m [48;5;255m [0m [0m [48;5;255m [48;5;255m [48;5;255m [48;5;255m [48;5;255m [48;5;255m [48;5;255m [48;5;255m [0m [0m [48;5;255m [48;5;255m [48;5;255m [48;5;255m [48;5;255m [48;5;255m [48;5;255m [48;5;255m [0m [0m [48;5;255m [48;5;255m [48;5;255m [48;5;255m [48;5;255m [48;5;255m [48;5;255m [48;5;255m [0m [0m [48;5;255m [48;5;255m [48;5;255m [48;5;255m [48;5;255m [48;5;255m [48;5;255m [48;5;255m [0m
[48;5;255m [48;5;255m [0m [0m [0m [0m [0m [0m [0m [48;5;255m [48;5;255m [0m [0m [0m [0m [48;5;255m [48;5;255m [0m [0m [48;5;255m [48;5;255m [0m [0m [0m [48;5;255m [48;5;255m [0m [0m [0m [48;5;255m [48;5;255m [0m [0m [48;5;255m [48;5;255m [0m [0m [0m [0m [48;5;255m [48;5;255m [0m [0m [48;5;255m [48;5;255m [0m [0m [0m [0m [48;5;255m [48;5;255m [0m [0m [48;5;255m [48;5;255m [0m [0m [0m [0m [48;5;255m [48;5;255m [0m [0m [48;5;255m [48;5;255m [0m [0m [0m [0m [48;5;255m [48;5;255m [0m [0m [48;5;255m [48;5;255m [0m
[48;5;255m [48;5;255m [0m [0m [0m [0m [0m [0m [0m [48;5;255m [48;5;255m [0m [0m [0m [0m [48;5;255m [48;5;255m [0m [0m [48;5;255m [48;5;255m [0m [0m [0m [48;5;255m [48;5;255m [0m [0m [0m [48;5;255m [48;5;255m [0m [0m [48;5;255m [48;5;255m [0m [0m [0m [0m [48;5;255m [48;5;255m [0m [0m [48;5;255m [48;5;255m [0m [0m [0m [0m [48;5;255m [48;5;255m [0m [0m [48;5;255m [48;5;255m [0m [0m [0m [0m [48;5;255m [48;5;255m [0m [0m [48;5;255m [48;5;255m [0m [0m [0m [0m [48;5;255m [48;5;255m [0m [0m [48;5;255m [48;5;255m [0m
[48;5;255m [48;5;255m [0m [0m [0m [0m [0m [0m [0m [48;5;255m [48;5;255m [0m [0m [0m [0m [48;5;255m [48;5;255m [0m [0m [48;5;255m [48;5;255m [0m [0m [0m [48;5;255m [48;5;255m [0m [0m [0m [48;5;255m [48;5;255m [0m [0m [48;5;255m [48;5;255m [0m [0m [0m [0m [48;5;255m [48;5;255m [0m [0m [48;5;255m [48;5;255m [0m [0m [0m [0m [48;5;255m [48;5;255m [0m [0m [48;5;255m [48;5;255m [0m [0m [0m [0m [48;5;255m [48;5;255m [0m [0m [48;5;255m [48;5;255m [0m [0m [0m [0m [48;5;255m [48;5;255m [0m [0m [48;5;255m [48;5;255m [0m
[48;5;255m [48;5;255m [48;5;255m [48;5;255m [48;5;255m [48;5;255m [48;5;255m [0m [0m [48;5;255m [48;5;255m [48;5;255m [48;5;255m [48;5;255m [48;5;255m [48;5;255m [48;5;255m [0m [0m [48;5;255m [48;5;255m [0m [0m [0m [48;5;255m [48;5;255m [0m [0m [0m [48;5;255m [48;5;255m [0m [0m [48;5;255m [48;5;255m [48;5;255m [48;5;255m [48;5;255m [48;5;255m [48;5;255m [48;5;255m [0m [0m [48;5;255m [48;5;255m [48;5;255m [48;5;255m [48;5;255m [48;5;255m [48;5;255m [48;5;255m [0m [0m [48;5;255m [48;5;255m [48;5;255m [48;5;255m [48;5;255m [48;5;255m [48;5;255m [48;5;255m [0m [0m [48;5;255m [48;5;255m [48;5;255m [48;5;255m [48;5;255m [48;5;255m [48;5;255m [48;5;255m [0m [0m [48;5;255m [48;5;255m [48;5;255m [48;5;255m [48;5;255m [48;5;255m [48;5;255m [48;5;255m [0m
[0m [0m [0m [0m [0m [0m [0m [0m [0m [0m [0m [0m [0m [0m [0m [0m [0m [0m [0m [0m [0m [0m [0m [0m [0m [0m [0m [0m [0m [0m [0m [0m [0m [48;5;255m [48;5;255m [0m [0m [0m [0m [0m [0m [0m [0m [0m [0m [0m [0m
[0m [0m [0m [0m [0m [0m [0m [0m [0m [0m [0m [0m [0m [0m [0m [0m [0m [0m [0m [0m [0m [0m [0m [0m [0m [0m [0m [0m [0m [0m [0m [0m [0m [48;5;255m [48;5;255m [0m [0m [0m [0m [0m [0m [0m [0m [0m [0m [0m [0m
[0m [0m [0m [0m [0m [0m [0m [0m [0m [0m [0m [0m [0m [0m [0m [0m [0m [0m [0m [0m [0m [0m [0m [0m [0m [0m [0m [0m [0m [0m [0m [0m [0m [48;5;255m [48;5;255m [0m [0m [0m [0m [0m [0m [0m [0m [0m [0m [0m [0m

1.1.14

TypeScript version used by Compodoc : 4.3.5

TypeScript version of current project : 4.3.5

Node.js version : v14.17.5

Operating system : Windows 10

[[90m08:21:20[39m] No configuration file found, switching to CLI flags.
[[90m08:21:20[39m] Using tsconfig file : D:\Dev\UFRN\frameworks-front\form-votacao-online\tsconfig.json
[[90m08:21:20[39m] Including      : D:\Dev\UFRN\frameworks-front\form-votacao-online\.gitignore
[[90m08:21:20[39m] Including      : D:\Dev\UFRN\frameworks-front\form-votacao-online\.browserslistrc
[[90m08:21:20[39m] Including      : D:\Dev\UFRN\frameworks-front\form-votacao-online\.yarnclean
[[90m08:21:20[39m] Including      : D:\Dev\UFRN\frameworks-front\form-votacao-online\angular.json
[[90m08:21:20[39m] Including      : D:\Dev\UFRN\frameworks-front\form-votacao-online\.editorconfig
[[90m08:21:20[39m] Including      : D:\Dev\UFRN\frameworks-front\form-votacao-online\build-storybook.log
[[90m08:21:20[39m] Including      : D:\Dev\UFRN\frameworks-front\form-votacao-online\documentation.json
[[90m08:21:20[39m] Including      : D:\Dev\UFRN\frameworks-front\form-votacao-online\karma.conf.js
[[90m08:21:20[39m] Including      : D:\Dev\UFRN\frameworks-front\form-votacao-online\package.json
[[90m08:21:20[39m] Including      : D:\Dev\UFRN\frameworks-front\form-votacao-online\package-lock.json
[[90m08:21:20[39m] Including      : D:\Dev\UFRN\frameworks-front\form-votacao-online\README.md
[[90m08:21:20[39m] Including      : D:\Dev\UFRN\frameworks-front\form-votacao-online\tsconfig.app.json
[[90m08:21:20[39m] Including      : D:\Dev\UFRN\frameworks-front\form-votacao-online\tsconfig.spec.json
[[90m08:21:20[39m] Including      : D:\Dev\UFRN\frameworks-front\form-votacao-online\tsconfig.json
[[90m08:21:20[39m] Including      : D:\Dev\UFRN\frameworks-front\form-votacao-online\yarn.lock
[[90m08:21:20[39m] Including      : D:\Dev\UFRN\frameworks-front\form-votacao-online\.storybook\preview.js
[[90m08:21:20[39m] Including      : D:\Dev\UFRN\frameworks-front\form-votacao-online\.storybook\main.js
[[90m08:21:20[39m] Including      : D:\Dev\UFRN\frameworks-front\form-votacao-online\src\favicon.ico
[[90m08:21:20[39m] Including      : D:\Dev\UFRN\frameworks-front\form-votacao-online\src\index.html
[[90m08:21:20[39m] Including      : D:\Dev\UFRN\frameworks-front\form-votacao-online\src\main.ts
[[90m08:21:20[39m] Including      : D:\Dev\UFRN\frameworks-front\form-votacao-online\src\polyfills.ts
[[90m08:21:20[39m] Including      : D:\Dev\UFRN\frameworks-front\form-votacao-online\src\styles.scss
[[90m08:21:20[39m] Including      : D:\Dev\UFRN\frameworks-front\form-votacao-online\src\test.ts
[[90m08:21:20[39m] Including      : D:\Dev\UFRN\frameworks-front\form-votacao-online\.storybook\tsconfig.json
[[90m08:21:20[39m] Ignoring       : D:\Dev\UFRN\frameworks-front\form-votacao-online\.storybook\typings.d.ts
[[90m08:21:20[39m] Including      : D:\Dev\UFRN\frameworks-front\form-votacao-online\public\build\bundle.css
[[90m08:21:20[39m] Including      : D:\Dev\UFRN\frameworks-front\form-votacao-online\public\build\bundle.js
[[90m08:21:20[39m] Including      : D:\Dev\UFRN\frameworks-front\form-votacao-online\src\app\app.component.html
[[90m08:21:20[39m] Including      : D:\Dev\UFRN\frameworks-front\form-votacao-online\src\app\app.component.scss
[[90m08:21:20[39m] Including      : D:\Dev\UFRN\frameworks-front\form-votacao-online\public\build\bundle.js.map
[[90m08:21:20[39m] Including      : D:\Dev\UFRN\frameworks-front\form-votacao-online\src\app\app.component.ts
[[90m08:21:20[39m] Including      : D:\Dev\UFRN\frameworks-front\form-votacao-online\src\app\app.module.ts
[[90m08:21:20[39m] Ignoring       : D:\Dev\UFRN\frameworks-front\form-votacao-online\src\app\app.component.spec.ts
[[90m08:21:20[39m] Ignoring       : D:\Dev\UFRN\frameworks-front\form-votacao-online\src\app\vote-service.service.spec.ts
[[90m08:21:20[39m] Including      : D:\Dev\UFRN\frameworks-front\form-votacao-online\src\app\vote-service.service.ts
[[90m08:21:20[39m] Including      : D:\Dev\UFRN\frameworks-front\form-votacao-online\src\assets\.gitkeep
[[90m08:21:20[39m] Including      : D:\Dev\UFRN\frameworks-front\form-votacao-online\src\environments\environment.prod.ts
[[90m08:21:20[39m] Including      : D:\Dev\UFRN\frameworks-front\form-votacao-online\src\environments\environment.ts
[[90m08:21:20[39m] Including      : D:\Dev\UFRN\frameworks-front\form-votacao-online\src\stories\FormVote.stories.ts
[[90m08:21:20[39m] Including      : D:\Dev\UFRN\frameworks-front\form-votacao-online\src\stories\User.ts
[[90m08:21:20[39m] Including      : D:\Dev\UFRN\frameworks-front\form-votacao-online\src\stories\VoteList.stories.ts
[[90m08:21:20[39m] Including      : D:\Dev\UFRN\frameworks-front\form-votacao-online\src\app\cabine\cabine.component.html
[[90m08:21:20[39m] Including      : D:\Dev\UFRN\frameworks-front\form-votacao-online\src\app\cabine\cabine.component.scss
[[90m08:21:20[39m] Ignoring       : D:\Dev\UFRN\frameworks-front\form-votacao-online\src\app\cabine\cabine.component.spec.ts
[[90m08:21:20[39m] Including      : D:\Dev\UFRN\frameworks-front\form-votacao-online\src\app\cabine\cabine.component.ts
[[90m08:21:20[39m] Including      : D:\Dev\UFRN\frameworks-front\form-votacao-online\src\app\card-votacao\card-votacao.component.html
[[90m08:21:20[39m] Including      : D:\Dev\UFRN\frameworks-front\form-votacao-online\src\app\card-votacao\card-votacao.component.scss
[[90m08:21:20[39m] Ignoring       : D:\Dev\UFRN\frameworks-front\form-votacao-online\src\app\card-votacao\card-votacao.component.spec.ts
[[90m08:21:20[39m] Including      : D:\Dev\UFRN\frameworks-front\form-votacao-online\src\app\resultado\resultado.component.html
[[90m08:21:20[39m] Including      : D:\Dev\UFRN\frameworks-front\form-votacao-online\src\app\resultado\resultado.component.scss
[[90m08:21:20[39m] Ignoring       : D:\Dev\UFRN\frameworks-front\form-votacao-online\src\app\resultado\resultado.component.spec.ts
[[90m08:21:20[39m] Including      : D:\Dev\UFRN\frameworks-front\form-votacao-online\src\app\resultado\resultado.component.ts
[[90m08:21:20[39m] Including      : D:\Dev\UFRN\frameworks-front\form-votacao-online\src\app\card-votacao\card-votacao.component.ts
[[90m08:21:20[39m] Including      : D:\Dev\UFRN\frameworks-front\form-votacao-online\src\app\vote-form\vote-form.component.html
[[90m08:21:20[39m] Including      : D:\Dev\UFRN\frameworks-front\form-votacao-online\src\app\vote-form\vote-form.component.scss
[[90m08:21:20[39m] Ignoring       : D:\Dev\UFRN\frameworks-front\form-votacao-online\src\app\vote-form\vote-form.component.spec.ts
[[90m08:21:20[39m] Including      : D:\Dev\UFRN\frameworks-front\form-votacao-online\src\app\vote-form\vote-form.component.ts
[[90m08:21:20[39m] Including      : D:\Dev\UFRN\frameworks-front\form-votacao-online\src\app\vote-list\vote-list.component.html
[[90m08:21:20[39m] Including      : D:\Dev\UFRN\frameworks-front\form-votacao-online\src\app\vote-list\vote-list.component.scss
[[90m08:21:20[39m] Ignoring       : D:\Dev\UFRN\frameworks-front\form-votacao-online\src\app\vote-list\vote-list.component.spec.ts
[[90m08:21:20[39m] Including      : D:\Dev\UFRN\frameworks-front\form-votacao-online\src\app\vote-list\vote-list.component.ts
[[90m08:21:20[39m] Including      : D:\Dev\UFRN\frameworks-front\form-votacao-online\src\stories\assets\code-brackets.svg
[[90m08:21:20[39m] Including      : D:\Dev\UFRN\frameworks-front\form-votacao-online\src\stories\assets\colors.svg
[[90m08:21:20[39m] Including      : D:\Dev\UFRN\frameworks-front\form-votacao-online\src\stories\assets\comments.svg
[[90m08:21:20[39m] Including      : D:\Dev\UFRN\frameworks-front\form-votacao-online\src\stories\assets\direction.svg
[[90m08:21:20[39m] Including      : D:\Dev\UFRN\frameworks-front\form-votacao-online\src\stories\assets\plugin.svg
[[90m08:21:20[39m] Including      : D:\Dev\UFRN\frameworks-front\form-votacao-online\src\stories\assets\flow.svg
[[90m08:21:20[39m] Including      : D:\Dev\UFRN\frameworks-front\form-votacao-online\src\stories\assets\repo.svg
[[90m08:21:20[39m] Including      : D:\Dev\UFRN\frameworks-front\form-votacao-online\src\stories\assets\stackalt.svg
[[90m08:21:20[39m] Searching package.json file
[[90m08:21:20[39m] package.json file found
[[90m08:21:20[39m] Processing package.json dependencies
[[90m08:21:20[39m] Searching README.md, CHANGELOG.md, CONTRIBUTING.md, LICENSE.md, TODO.md files
[[90m08:21:20[39m] README.md file found
[[90m08:21:20[39m] Error during D:\Dev\UFRN\frameworks-front\form-votacao-online\CHANGELOG read
[[90m08:21:20[39m] Continuing without CHANGELOG.md file
[[90m08:21:20[39m] Error during D:\Dev\UFRN\frameworks-front\form-votacao-online\CONTRIBUTING read
[[90m08:21:20[39m] Continuing without CONTRIBUTING.md file
[[90m08:21:20[39m] Error during D:\Dev\UFRN\frameworks-front\form-votacao-online\LICENSE read
[[90m08:21:20[39m] Continuing without LICENSE.md file
[[90m08:21:20[39m] Error during D:\Dev\UFRN\frameworks-front\form-votacao-online\TODO read
[[90m08:21:20[39m] Continuing without TODO.md file
[[90m08:21:20[39m] Get dependencies data
[[90m08:21:20[39m] parsing        : D:/Dev/UFRN/frameworks-front/form-votacao-online/src/main.ts
[[90m08:21:20[39m] parsing        : D:/Dev/UFRN/frameworks-front/form-votacao-online/src/polyfills.ts
[[90m08:21:20[39m] parsing        : D:/Dev/UFRN/frameworks-front/form-votacao-online/src/test.ts
[[90m08:21:20[39m] found          : require
[[90m08:21:20[39m] found          : context
[[90m08:21:20[39m] parsing        : D:/Dev/UFRN/frameworks-front/form-votacao-online/src/app/app.component.ts
[[90m08:21:20[39m] found          : AppComponent
[[90m08:21:20[39m] parsing        : D:/Dev/UFRN/frameworks-front/form-votacao-online/src/app/app.module.ts
[[90m08:21:20[39m] found          : AppModule
[[90m08:21:20[39m]                : - imports:
[[90m08:21:20[39m]                : 	- BrowserModule
[[90m08:21:20[39m]                : 	- NgbModule
[[90m08:21:20[39m]                : 	- FormsModule
[[90m08:21:20[39m]                : - declarations:
[[90m08:21:20[39m]                : 	- AppComponent
[[90m08:21:20[39m]                : 	- VoteListComponent
[[90m08:21:20[39m]                : 	- VoteFormComponent
[[90m08:21:20[39m]                : 	- CardVotacaoComponent
[[90m08:21:20[39m]                : 	- CabineComponent
[[90m08:21:20[39m]                : 	- ResultadoComponent
[[90m08:21:20[39m]                : - bootstrap:
[[90m08:21:20[39m]                : 	- AppComponent
[[90m08:21:20[39m] parsing        : D:/Dev/UFRN/frameworks-front/form-votacao-online/src/app/vote-service.service.ts
[[90m08:21:20[39m] found          : OptionsType
[[90m08:21:20[39m] found          : VoteType
[[90m08:21:20[39m] found          : VoteService
[[90m08:21:20[39m] parsing        : D:/Dev/UFRN/frameworks-front/form-votacao-online/src/environments/environment.prod.ts
[[90m08:21:20[39m] found          : environment
[[90m08:21:20[39m] parsing        : D:/Dev/UFRN/frameworks-front/form-votacao-online/src/environments/environment.ts
[[90m08:21:20[39m] found          : environment
[[90m08:21:20[39m] parsing        : D:/Dev/UFRN/frameworks-front/form-votacao-online/src/stories/FormVote.stories.ts
[[90m08:21:20[39m] found          : Template
[[90m08:21:20[39m] found          : Form1
[[90m08:21:20[39m] found          : Form2
[[90m08:21:20[39m] found          : Form3
[[90m08:21:20[39m] parsing        : D:/Dev/UFRN/frameworks-front/form-votacao-online/src/stories/User.ts
[[90m08:21:20[39m] found          : User
[[90m08:21:20[39m] parsing        : D:/Dev/UFRN/frameworks-front/form-votacao-online/src/stories/VoteList.stories.ts
[[90m08:21:20[39m] found          : Template
[[90m08:21:20[39m] found          : FormDemo
[[90m08:21:20[39m] parsing        : D:/Dev/UFRN/frameworks-front/form-votacao-online/src/app/cabine/cabine.component.ts
[[90m08:21:20[39m] found          : OptionsType
[[90m08:21:20[39m] found          : CabineComponent
[[90m08:21:20[39m] parsing        : D:/Dev/UFRN/frameworks-front/form-votacao-online/src/app/resultado/resultado.component.ts
[[90m08:21:20[39m] found          : OptionsType
[[90m08:21:20[39m] found          : ResultadoComponent
[[90m08:21:20[39m] parsing        : D:/Dev/UFRN/frameworks-front/form-votacao-online/src/app/card-votacao/card-votacao.component.ts
[[90m08:21:20[39m] found          : OptionsType
[[90m08:21:20[39m] found          : CardVotacaoComponent
[[90m08:21:20[39m] parsing        : D:/Dev/UFRN/frameworks-front/form-votacao-online/src/app/vote-form/vote-form.component.ts
[[90m08:21:20[39m] found          : OptionsType
[[90m08:21:20[39m] found          : VoteType
[[90m08:21:20[39m] found          : DataVoteType
[[90m08:21:20[39m] found          : VoteFormComponent
[[90m08:21:20[39m] parsing        : D:/Dev/UFRN/frameworks-front/form-votacao-online/src/app/vote-list/vote-list.component.ts
[[90m08:21:20[39m] found          : OptionsType
[[90m08:21:20[39m] found          : VoteType
[[90m08:21:20[39m] found          : VoteListComponent
[[90m08:21:20[39m] -------------------
[[90m08:21:20[39m] Project statistics 
[[90m08:21:20[39m] - files      : 61
[[90m08:21:20[39m] - module     : 1
[[90m08:21:20[39m] - component  : 6
[[90m08:21:20[39m] - injectable : 1
[[90m08:21:20[39m] - interface  : 1
[[90m08:21:20[39m] -------------------
[[90m08:21:20[39m] Prepare components
[[90m08:21:20[39m]  AppComponent has a templateUrl, include it
[[90m08:21:20[39m]  AppComponent has styleUrls, include them
[[90m08:21:20[39m]  CabineComponent has a templateUrl, include it
[[90m08:21:20[39m]  CabineComponent has styleUrls, include them
[[90m08:21:20[39m]  CardVotacaoComponent has a templateUrl, include it
[[90m08:21:20[39m]  CardVotacaoComponent has styleUrls, include them
[[90m08:21:20[39m]  ResultadoComponent has a templateUrl, include it
[[90m08:21:20[39m]  ResultadoComponent has styleUrls, include them
[[90m08:21:20[39m]  VoteFormComponent has a templateUrl, include it
[[90m08:21:20[39m]  VoteFormComponent has styleUrls, include them
[[90m08:21:20[39m]  VoteListComponent has a templateUrl, include it
[[90m08:21:20[39m]  VoteListComponent has styleUrls, include them
[[90m08:21:20[39m] Prepare modules
[[90m08:21:20[39m] Prepare injectables
[[90m08:21:20[39m] Prepare interfaces
[[90m08:21:20[39m] Prepare miscellaneous
[[90m08:21:20[39m] Process documentation coverage report
[[90m08:21:20[39m] Generating documentation in export format json
[[90m08:21:20[39m] Documentation generated in ./ in 0.739 seconds
Done in 2.96s.
info @storybook/angular v6.4.0-alpha.30
info 
info => Cleaning outputDir: C:\Users\clevi\AppData\Local\Temp\chromatic--7156-drff7TDPOJrt
info => Loading presets
info => Compiling preview..
info => Loading 1 config file in "D:\Dev\UFRN\frameworks-front\form-votacao-online\.storybook"
info => Loading 9 other files in "D:\Dev\UFRN\frameworks-front\form-votacao-online\.storybook"
info => Adding stories defined in "D:\Dev\UFRN\frameworks-front\form-votacao-online\.storybook\main.js"
info => Found custom tsconfig.json
Compiling @angular/animations : fesm2015 as esm2015
Compiling @angular/core : fesm2015 as esm2015
Compiling @angular/animations/browser : fesm2015 as esm2015
Compiling @angular/animations/browser/testing : fesm2015 as esm2015
Compiling @angular/common : fesm2015 as esm2015
Compiling @angular/common/http : fesm2015 as esm2015
Compiling @angular/common/http/testing : fesm2015 as esm2015
Compiling @angular/elements : fesm2015 as esm2015
Compiling @angular/platform-browser : fesm2015 as esm2015
Compiling @angular/platform-browser/animations : fesm2015 as esm2015
Compiling @angular/core/testing : fesm2015 as esm2015
Compiling @angular/platform-browser-dynamic : fesm2015 as esm2015
Compiling @angular/platform-browser/testing : fesm2015 as esm2015
Compiling @angular/compiler/testing : fesm2015 as esm2015
Compiling @angular/platform-browser-dynamic/testing : fesm2015 as esm2015
Compiling @angular/common/testing : fesm2015 as esm2015
Compiling @angular/router : fesm2015 as esm2015
Compiling @angular/router/testing : fesm2015 as esm2015
Compiling @angular/forms : fesm2015 as esm2015
Compiling @ng-bootstrap/ng-bootstrap : fesm2015 as esm2015
info => Using implicit CSS loaders
info => Loading angular-cli config
info => Using angular project "form-votacao-online:build" for configuring Storybook
info => Using angular-cli webpack config
info => Using default Webpack5 setup
<s> [webpack.Progress] 0% 

<s> [webpack.Progress] 1% setup initialize
<s> [webpack.Progress] 1% setup initialize HtmlWebpackPlugin
<s> [webpack.Progress] 1% setup initialize
<s> [webpack.Progress] 2% setup before run
<s> [webpack.Progress] 2% setup before run NodeEnvironmentPlugin
<s> [webpack.Progress] 2% setup before run
<s> [webpack.Progress] 3% setup run
<s> [webpack.Progress] 3% setup run fork-ts-checker-webpack-plugin
<s> [webpack.Progress] 3% setup run
<s> [webpack.Progress] 4% setup normal module factory
<s> [webpack.Progress] 4% setup normal module factory CaseSensitivePathsPlugin
<s> [webpack.Progress] 4% setup normal module factory
<s> [webpack.Progress] 5% setup context module factory
<s> [webpack.Progress] 5% setup context module factory ContextReplacementPlugin
<s> [webpack.Progress] 5% setup context module factory ContextReplacementPlugin
<s> [webpack.Progress] 5% setup context module factory
<s> [webpack.Progress] 6% setup before compile
<s> [webpack.Progress] 6% setup before compile ProgressPlugin
<s> [webpack.Progress] 6% setup before compile
<s> [webpack.Progress] 7% setup compile
<s> [webpack.Progress] 7% setup compile fork-ts-checker-webpack-plugin
Starting type checking service...
<s> [webpack.Progress] 7% setup compile ExternalsPlugin
<s> [webpack.Progress] 7% setup compile
<s> [webpack.Progress] 8% setup compilation
<s> [webpack.Progress] 8% setup compilation CopyPlugin
<s> [webpack.Progress] 8% setup compilation ArrayPushCallbackChunkFormatPlugin
<s> [webpack.Progress] 8% setup compilation JsonpChunkLoadingPlugin
<s> [webpack.Progress] 8% setup compilation StartupChunkDependenciesPlugin
<s> [webpack.Progress] 8% setup compilation ImportScriptsChunkLoadingPlugin
<s> [webpack.Progress] 8% setup compilation FetchCompileWasmPlugin
<s> [webpack.Progress] 8% setup compilation FetchCompileAsyncWasmPlugin
<s> [webpack.Progress] 8% setup compilation WorkerPlugin
<s> [webpack.Progress] 8% setup compilation SplitChunksPlugin
<s> [webpack.Progress] 8% setup compilation RuntimeChunkPlugin
<s> [webpack.Progress] 8% setup compilation ResolverCachePlugin
<s> [webpack.Progress] 8% setup compilation HtmlWebpackPlugin
<s> [webpack.Progress] 8% setup compilation
<s> [webpack.Progress] 9% setup compilation
<s> [webpack.Progress] 9% setup compilation AnyComponentStyleBudgetChecker
<s> [webpack.Progress] 9% setup compilation DedupeModuleResolvePlugin
<s> [webpack.Progress] 9% setup compilation DefinePlugin
<s> [webpack.Progress] 9% setup compilation ProgressPlugin
<s> [webpack.Progress] 9% setup compilation ChunkPrefetchPreloadPlugin
<s> [webpack.Progress] 9% setup compilation SourceMapDevToolPlugin
<s> [webpack.Progress] 9% setup compilation JavascriptModulesPlugin
<s> [webpack.Progress] 9% setup compilation JsonModulesPlugin
<s> [webpack.Progress] 9% setup compilation AssetModulesPlugin
<s> [webpack.Progress] 9% setup compilation EntryPlugin
<s> [webpack.Progress] 9% setup compilation EntryPlugin
<s> [webpack.Progress] 9% setup compilation EntryPlugin
<s> [webpack.Progress] 9% setup compilation EntryPlugin
<s> [webpack.Progress] 9% setup compilation EntryPlugin
<s> [webpack.Progress] 9% setup compilation EntryPlugin
<s> [webpack.Progress] 9% setup compilation EntryPlugin
<s> [webpack.Progress] 9% setup compilation EntryPlugin
<s> [webpack.Progress] 9% setup compilation EntryPlugin
<s> [webpack.Progress] 9% setup compilation EntryPlugin
<s> [webpack.Progress] 9% setup compilation EntryPlugin
<s> [webpack.Progress] 9% setup compilation EntryPlugin
<s> [webpack.Progress] 9% setup compilation EntryPlugin
<s> [webpack.Progress] 9% setup compilation EntryPlugin
<s> [webpack.Progress] 9% setup compilation EntryPlugin
<s> [webpack.Progress] 9% setup compilation RuntimePlugin
<s> [webpack.Progress] 9% setup compilation InferAsyncModulesPlugin
<s> [webpack.Progress] 9% setup compilation DataUriPlugin
<s> [webpack.Progress] 9% setup compilation FileUriPlugin
<s> [webpack.Progress] 9% setup compilation CompatibilityPlugin
<s> [webpack.Progress] 9% setup compilation HarmonyModulesPlugin
<s> [webpack.Progress] 9% setup compilation AMDPlugin
<s> [webpack.Progress] 9% setup compilation RequireJsStuffPlugin
<s> [webpack.Progress] 9% setup compilation CommonJsPlugin
<s> [webpack.Progress] 9% setup compilation LoaderPlugin
<s> [webpack.Progress] 9% setup compilation LoaderPlugin
<s> [webpack.Progress] 9% setup compilation NodeStuffPlugin
<s> [webpack.Progress] 9% setup compilation APIPlugin
<s> [webpack.Progress] 9% setup compilation ExportsInfoApiPlugin
<s> [webpack.Progress] 9% setup compilation WebpackIsIncludedPlugin
<s> [webpack.Progress] 9% setup compilation ConstPlugin
<s> [webpack.Progress] 9% setup compilation UseStrictPlugin
<s> [webpack.Progress] 9% setup compilation RequireIncludePlugin
<s> [webpack.Progress] 9% setup compilation RequireEnsurePlugin
<s> [webpack.Progress] 9% setup compilation RequireContextPlugin
<s> [webpack.Progress] 9% setup compilation ImportPlugin
<s> [webpack.Progress] 9% setup compilation SystemPlugin
<s> [webpack.Progress] 9% setup compilation ImportMetaPlugin
<s> [webpack.Progress] 9% setup compilation URLPlugin
<s> [webpack.Progress] 9% setup compilation DefaultStatsFactoryPlugin
<s> [webpack.Progress] 9% setup compilation DefaultStatsPresetPlugin
<s> [webpack.Progress] 9% setup compilation DefaultStatsPrinterPlugin
<s> [webpack.Progress] 9% setup compilation JavascriptMetaInfoPlugin
<s> [webpack.Progress] 9% setup compilation EnsureChunkConditionsPlugin
<s> [webpack.Progress] 9% setup compilation RemoveEmptyChunksPlugin
<s> [webpack.Progress] 9% setup compilation MergeDuplicateChunksPlugin
<s> [webpack.Progress] 9% setup compilation FlagIncludedChunksPlugin
<s> [webpack.Progress] 9% setup compilation SideEffectsFlagPlugin
<s> [webpack.Progress] 9% setup compilation FlagDependencyExportsPlugin
<s> [webpack.Progress] 9% setup compilation FlagDependencyUsagePlugin
<s> [webpack.Progress] 9% setup compilation InnerGraphPlugin
<s> [webpack.Progress] 9% setup compilation MangleExportsPlugin
<s> [webpack.Progress] 9% setup compilation ModuleConcatenationPlugin
<s> [webpack.Progress] 9% setup compilation NoEmitOnErrorsPlugin
<s> [webpack.Progress] 9% setup compilation RealContentHashPlugin
<s> [webpack.Progress] 9% setup compilation WasmFinalizeExportsPlugin
<s> [webpack.Progress] 9% setup compilation NamedModuleIdsPlugin
<s> [webpack.Progress] 9% setup compilation DeterministicChunkIdsPlugin
<s> [webpack.Progress] 9% setup compilation DefinePlugin
<s> [webpack.Progress] 9% setup compilation TerserPlugin
<s> [webpack.Progress] 9% setup compilation TemplatedPathPlugin
<s> [webpack.Progress] 9% setup compilation RecordIdsPlugin
<s> [webpack.Progress] 9% setup compilation WarnCaseSensitiveModulesPlugin
<s> [webpack.Progress] 9% setup compilation IgnoreWarningsPlugin
<s> [webpack.Progress] 9% setup compilation
<s> [webpack.Progress] 10% building
<s> [webpack.Progress] 10% building 0/1 entries 0/0 dependencies 0/0 modules
<s> [webpack.Progress] 10% building import loader ./node_modules/babel-loader/lib/index.js
<s> [webpack.Progress] 10% building 0/15 entries 14/15 dependencies 0/14 modules
<s> [webpack.Progress] 10% building 0/15 entries 14/16 dependencies 0/14 modules
<s> [webpack.Progress] 10% building import loader ./node_modules/@angular-devkit/build-angular/node_modules/style-loader/dist/cjs.js
<s> [webpack.Progress] 10% building import loader ./node_modules/@angular-devkit/build-angular/node_modules/css-loader/dist/cjs.js
<s> [webpack.Progress] 10% building import loader ./node_modules/@angular-devkit/build-angular/node_modules/postcss-loader/dist/cjs.js
<s> [webpack.Progress] 10% building import loader ./node_modules/resolve-url-loader/index.js
<s> [webpack.Progress] 10% building import loader ./node_modules/sass-loader/dist/cjs.js
<s> [webpack.Progress] 10% building 0/15 entries 15/46 dependencies 0/15 modules
<s> [webpack.Progress] 10% building 0/15 entries 54/100 dependencies 8/47 modules
<s> [webpack.Progress] 13% building 1/15 entries 144/205 dependencies 15/89 modules
<s> [webpack.Progress] 13% building import loader ./node_modules/@storybook/angular/node_modules/ts-loader/index.js
<s> [webpack.Progress] 13% building import loader ./node_modules/@storybook/angular/dist/ts3.9/server/ngx-template-loader/index.js
<s> [webpack.Progress] 13% building import loader ./node_modules/@storybook/source-loader/dist/cjs/index.js
<s> [webpack.Progress] 13% building 1/15 entries 397/460 dependencies 18/201 modules
<s> [webpack.Progress] 13% building 1/15 entries 411/600 dependencies 20/210 modules
[BABEL] Note: The code generator has deoptimised the styling of D:\Dev\UFRN\frameworks-front\form-votacao-online\node_modules\prettier\standalone.js as it exceeds the max of 500KB.
<s> [webpack.Progress] 13% building 1/15 entries 554/799 dependencies 24/237 modules
<s> [webpack.Progress] 13% building 1/15 entries 803/900 dependencies 26/292 modules
<s> [webpack.Progress] 13% building 1/15 entries 1356/1500 dependencies 104/376 modules
<s> [webpack.Progress] 13% building 1/15 entries 1400/1570 dependencies 108/381 modules
[BABEL] Note: The code generator has deoptimised the styling of D:\Dev\UFRN\frameworks-front\form-votacao-online\node_modules\prettier\parser-flow.js as it exceeds the max of 500KB.
<s> [webpack.Progress] 13% building 1/15 entries 1538/1600 dependencies 123/415 modules
[BABEL] Note: The code generator has deoptimised the styling of D:\Dev\UFRN\frameworks-front\form-votacao-online\node_modules\prettier\parser-typescript.js as it exceeds the max of 500KB.
<s> [webpack.Progress] 13% building 1/15 entries 1543/1700 dependencies 123/416 modules
<s> [webpack.Progress] 13% building 1/15 entries 1716/1800 dependencies 189/463 modules
<s> [webpack.Progress] 13% building import loader ./node_modules/@storybook/angular/node_modules/raw-loader/dist/cjs.js
<s> [webpack.Progress] 13% building 1/15 entries 2033/2079 dependencies 261/516 modules
<s> [webpack.Progress] 13% building 1/15 entries 2100/2257 dependencies 273/531 modules
<s> [webpack.Progress] 13% building 1/15 entries 2161/2292 dependencies 300/552 modules
<s> [webpack.Progress] 13% building 1/15 entries 2700/3018 dependencies 362/688 modules
<s> [webpack.Progress] 14% building 1/15 entries 2995/3100 dependencies 370/844 modules
<s> [webpack.Progress] 15% building 1/15 entries 3194/3300 dependencies 466/862 modules
<s> [webpack.Progress] 16% building 1/15 entries 3568/3600 dependencies 549/961 modules
<s> [webpack.Progress] 17% building 1/15 entries 3800/3967 dependencies 655/987 modules
<s> [webpack.Progress] 17% building 2/15 entries 3950/4009 dependencies 718/1051 modules
<s> [webpack.Progress] 19% building 2/15 entries 4301/4400 dependencies 846/1130 modules
<s> [webpack.Progress] 21% building 2/15 entries 4698/4741 dependencies 1001/1200 modules
<s> [webpack.Progress] 22% building 2/15 entries 5083/5200 dependencies 1119/1299 modules
<s> [webpack.Progress] 22% building 3/15 entries 5134/5223 dependencies 1158/1302 modules
<s> [webpack.Progress] 24% building 4/15 entries 5134/5223 dependencies 1159/1302 modules
<s> [webpack.Progress] 28% building 5/15 entries 5134/5223 dependencies 1160/1302 modules
<s> [webpack.Progress] 31% building 6/15 entries 5134/5223 dependencies 1161/1302 modules
<s> [webpack.Progress] 35% building 7/15 entries 5134/5223 dependencies 1162/1302 modules
<s> [webpack.Progress] 39% building 8/15 entries 5134/5223 dependencies 1163/1302 modules
<s> [webpack.Progress] 43% building 9/15 entries 5134/5223 dependencies 1164/1302 modules
<s> [webpack.Progress] 46% building 10/15 entries 5134/5223 dependencies 1165/1302 modules
<s> [webpack.Progress] 50% building 11/15 entries 5134/5223 dependencies 1166/1302 modules
<s> [webpack.Progress] 50% building 11/15 entries 5469/5500 dependencies 1237/1407 modules
<s> [webpack.Progress] 54% building 12/15 entries 5668/5678 dependencies 1385/1434 modules
<s> [webpack.Progress] 57% building 13/15 entries 5720/5721 dependencies 1440/1454 modules
<s> [webpack.Progress] 61% building 14/15 entries 5721/5721 dependencies 1454/1455 modules
<s> [webpack.Progress] 65% building 15/15 entries 5721/5721 dependencies 1455/1455 modules
<s> [webpack.Progress] 65% building
<s> [webpack.Progress] 69% building finish
<s> [webpack.Progress] 69% building finish
<s> [webpack.Progress] 70% sealing finish module graph
<s> [webpack.Progress] 70% sealing finish module graph ResolverCachePlugin
<s> [webpack.Progress] 70% sealing finish module graph InferAsyncModulesPlugin
<s> [webpack.Progress] 70% sealing finish module graph FlagDependencyExportsPlugin
<s> [webpack.Progress] 70% sealing finish module graph InnerGraphPlugin
<s> [webpack.Progress] 70% sealing finish module graph WasmFinalizeExportsPlugin
<s> [webpack.Progress] 70% sealing finish module graph
<s> [webpack.Progress] 70% sealing plugins
<s> [webpack.Progress] 70% sealing plugins WarnCaseSensitiveModulesPlugin
<s> [webpack.Progress] 70% sealing plugins
<s> [webpack.Progress] 71% sealing dependencies optimization
<s> [webpack.Progress] 71% sealing dependencies optimization SideEffectsFlagPlugin
<s> [webpack.Progress] 71% sealing dependencies optimization FlagDependencyUsagePlugin
<s> [webpack.Progress] 71% sealing dependencies optimization
<s> [webpack.Progress] 71% sealing after dependencies optimization
<s> [webpack.Progress] 71% sealing after dependencies optimization
<s> [webpack.Progress] 72% sealing chunk graph
<s> [webpack.Progress] 72% sealing chunk graph
<s> [webpack.Progress] 73% sealing after chunk graph
<s> [webpack.Progress] 73% sealing after chunk graph
<s> [webpack.Progress] 73% sealing optimizing
<s> [webpack.Progress] 73% sealing optimizing
<s> [webpack.Progress] 74% sealing module optimization
<s> [webpack.Progress] 74% sealing module optimization
<s> [webpack.Progress] 75% sealing after module optimization
<s> [webpack.Progress] 75% sealing after module optimization
<s> [webpack.Progress] 75% sealing chunk optimization
<s> [webpack.Progress] 75% sealing chunk optimization EnsureChunkConditionsPlugin
<s> [webpack.Progress] 75% sealing chunk optimization RemoveEmptyChunksPlugin
<s> [webpack.Progress] 75% sealing chunk optimization MergeDuplicateChunksPlugin
<s> [webpack.Progress] 75% sealing chunk optimization SplitChunksPlugin
<s> [webpack.Progress] 75% sealing chunk optimization RemoveEmptyChunksPlugin
<s> [webpack.Progress] 75% sealing chunk optimization
<s> [webpack.Progress] 76% sealing after chunk optimization
<s> [webpack.Progress] 76% sealing after chunk optimization
<s> [webpack.Progress] 77% sealing module and chunk tree optimization
<s> [webpack.Progress] 77% sealing module and chunk tree optimization PersistentChildCompilerSingletonPlugin
<s> [webpack.Progress] 77% sealing module and chunk tree optimization
<s> [webpack.Progress] 77% sealing after module and chunk tree optimization
<s> [webpack.Progress] 77% sealing after module and chunk tree optimization
<s> [webpack.Progress] 78% sealing chunk modules optimization
<s> [webpack.Progress] 78% sealing chunk modules optimization ModuleConcatenationPlugin
<s> [webpack.Progress] 78% sealing chunk modules optimization
<s> [webpack.Progress] 78% sealing after chunk modules optimization
<s> [webpack.Progress] 78% sealing after chunk modules optimization
<s> [webpack.Progress] 79% sealing module reviving
<s> [webpack.Progress] 79% sealing module reviving RecordIdsPlugin
<s> [webpack.Progress] 79% sealing module reviving
<s> [webpack.Progress] 80% sealing before module ids
<s> [webpack.Progress] 80% sealing before module ids
<s> [webpack.Progress] 80% sealing module ids
<s> [webpack.Progress] 80% sealing module ids NamedModuleIdsPlugin
<s> [webpack.Progress] 80% sealing module ids
<s> [webpack.Progress] 81% sealing module id optimization
<s> [webpack.Progress] 81% sealing module id optimization
<s> [webpack.Progress] 82% sealing module id optimization
<s> [webpack.Progress] 82% sealing module id optimization
<s> [webpack.Progress] 82% sealing chunk reviving
<s> [webpack.Progress] 82% sealing chunk reviving RecordIdsPlugin
<s> [webpack.Progress] 82% sealing chunk reviving
<s> [webpack.Progress] 83% sealing before chunk ids
<s> [webpack.Progress] 83% sealing before chunk ids
<s> [webpack.Progress] 84% sealing chunk ids
<s> [webpack.Progress] 84% sealing chunk ids DeterministicChunkIdsPlugin
<s> [webpack.Progress] 84% sealing chunk ids
<s> [webpack.Progress] 84% sealing chunk id optimization
<s> [webpack.Progress] 84% sealing chunk id optimization FlagIncludedChunksPlugin
<s> [webpack.Progress] 84% sealing chunk id optimization
<s> [webpack.Progress] 85% sealing after chunk id optimization
<s> [webpack.Progress] 85% sealing after chunk id optimization
<s> [webpack.Progress] 86% sealing record modules
<s> [webpack.Progress] 86% sealing record modules RecordIdsPlugin
<s> [webpack.Progress] 86% sealing record modules
<s> [webpack.Progress] 86% sealing record chunks
<s> [webpack.Progress] 86% sealing record chunks RecordIdsPlugin
<s> [webpack.Progress] 86% sealing record chunks
<s> [webpack.Progress] 87% sealing module hashing
<s> [webpack.Progress] 87% sealing module hashing
<s> [webpack.Progress] 87% sealing code generation
<s> [webpack.Progress] 87% sealing code generation
<s> [webpack.Progress] 88% sealing runtime requirements
<s> [webpack.Progress] 88% sealing runtime requirements
<s> [webpack.Progress] 89% sealing hashing
<s> [webpack.Progress] 89% sealing hashing
<s> [webpack.Progress] 89% sealing after hashing
<s> [webpack.Progress] 89% sealing after hashing
<s> [webpack.Progress] 90% sealing record hash
<s> [webpack.Progress] 90% sealing record hash
<s> [webpack.Progress] 91% sealing module assets processing
<s> [webpack.Progress] 91% sealing module assets processing
<s> [webpack.Progress] 91% sealing chunk assets processing
<s> [webpack.Progress] 91% sealing chunk assets processing
<s> [webpack.Progress] 92% sealing asset processing
<s> [webpack.Progress] 92% sealing asset processing copy-webpack-plugin
<s> [webpack.Progress] 92% sealing asset processing PersistentChildCompilerSingletonPlugin
<s> [webpack.Progress] 92% sealing asset processing TerserPlugin
<s> [webpack.Progress] 92% sealing asset processing SourceMapDevToolPlugin
<s> [webpack.Progress] 92% sealing asset processing SourceMapDevToolPlugin
<s> [webpack.Progress] 92% sealing asset processing SourceMapDevToolPlugin main.18fd6993.iframe.bundle.js generate SourceMap
<s> [webpack.Progress] 92% sealing asset processing SourceMapDevToolPlugin main.18fd6993.iframe.bundle.js generated SourceMap
<s> [webpack.Progress] 92% sealing asset processing SourceMapDevToolPlugin runtime~main.bb43360d.iframe.bundle.js generate SourceMap
<s> [webpack.Progress] 92% sealing asset processing SourceMapDevToolPlugin runtime~main.bb43360d.iframe.bundle.js generated SourceMap
<s> [webpack.Progress] 92% sealing asset processing SourceMapDevToolPlugin 466.2d959d63.iframe.bundle.js generate SourceMap
<s> [webpack.Progress] 92% sealing asset processing SourceMapDevToolPlugin 466.2d959d63.iframe.bundle.js generated SourceMap
<s> [webpack.Progress] 92% sealing asset processing SourceMapDevToolPlugin 913.6fac2534.iframe.bundle.js generate SourceMap
<s> [webpack.Progress] 92% sealing asset processing SourceMapDevToolPlugin 913.6fac2534.iframe.bundle.js generated SourceMap
<s> [webpack.Progress] 92% sealing asset processing SourceMapDevToolPlugin 881.196d3c3f.iframe.bundle.js generate SourceMap
<s> [webpack.Progress] 92% sealing asset processing SourceMapDevToolPlugin 881.196d3c3f.iframe.bundle.js generated SourceMap
<s> [webpack.Progress] 92% sealing asset processing SourceMapDevToolPlugin 459.bcb05ddb.iframe.bundle.js generate SourceMap
<s> [webpack.Progress] 92% sealing asset processing SourceMapDevToolPlugin 459.bcb05ddb.iframe.bundle.js generated SourceMap
<s> [webpack.Progress] 92% sealing asset processing SourceMapDevToolPlugin 331.5398b396.iframe.bundle.js generate SourceMap
<s> [webpack.Progress] 92% sealing asset processing SourceMapDevToolPlugin 331.5398b396.iframe.bundle.js generated SourceMap
<s> [webpack.Progress] 92% sealing asset processing SourceMapDevToolPlugin 142.25cd5d45.iframe.bundle.js generate SourceMap
<s> [webpack.Progress] 92% sealing asset processing SourceMapDevToolPlugin 142.25cd5d45.iframe.bundle.js generated SourceMap
<s> [webpack.Progress] 92% sealing asset processing SourceMapDevToolPlugin resolve sources
<s> [webpack.Progress] 92% sealing asset processing SourceMapDevToolPlugin
<s> [webpack.Progress] 92% sealing asset processing HtmlWebpackPlugin
<s> [webpack.Progress] 92% sealing asset processing HtmlWebpackPlugin
<s> [webpack.Progress] 92% sealing asset processing HtmlWebpackPlugin resolve sources
<s> [webpack.Progress] 92% sealing asset processing HtmlWebpackPlugin
<s> [webpack.Progress] 92% sealing asset processing RealContentHashPlugin
<s> [webpack.Progress] 92% sealing asset processing RealContentHashPlugin
<s> [webpack.Progress] 92% sealing asset processing RealContentHashPlugin main.1b0b3068.iframe.bundle.js generate SourceMap
<s> [webpack.Progress] 92% sealing asset processing RealContentHashPlugin main.1b0b3068.iframe.bundle.js generated SourceMap
<s> [webpack.Progress] 92% sealing asset processing RealContentHashPlugin runtime~main.906609db.iframe.bundle.js generate SourceMap
<s> [webpack.Progress] 92% sealing asset processing RealContentHashPlugin runtime~main.906609db.iframe.bundle.js generated SourceMap
<s> [webpack.Progress] 92% sealing asset processing RealContentHashPlugin 913.a8e360ba.iframe.bundle.js generate SourceMap
<s> [webpack.Progress] 92% sealing asset processing RealContentHashPlugin 913.a8e360ba.iframe.bundle.js generated SourceMap
<s> [webpack.Progress] 92% sealing asset processing RealContentHashPlugin 881.17e52cb9.iframe.bundle.js generate SourceMap
<s> [webpack.Progress] 92% sealing asset processing RealContentHashPlugin 881.17e52cb9.iframe.bundle.js generated SourceMap
<s> [webpack.Progress] 92% sealing asset processing RealContentHashPlugin 459.9ac2d289.iframe.bundle.js generate SourceMap
<s> [webpack.Progress] 92% sealing asset processing RealContentHashPlugin 459.9ac2d289.iframe.bundle.js generated SourceMap
<s> [webpack.Progress] 92% sealing asset processing RealContentHashPlugin 466.a13f5e3c.iframe.bundle.js generate SourceMap
<s> [webpack.Progress] 92% sealing asset processing RealContentHashPlugin 466.a13f5e3c.iframe.bundle.js generated SourceMap
<s> [webpack.Progress] 92% sealing asset processing RealContentHashPlugin 331.69ea4c07.iframe.bundle.js generate SourceMap
<s> [webpack.Progress] 92% sealing asset processing RealContentHashPlugin 331.69ea4c07.iframe.bundle.js generated SourceMap
<s> [webpack.Progress] 92% sealing asset processing RealContentHashPlugin 142.787835bc.iframe.bundle.js generate SourceMap
<s> [webpack.Progress] 92% sealing asset processing RealContentHashPlugin 142.787835bc.iframe.bundle.js generated SourceMap
<s> [webpack.Progress] 92% sealing asset processing RealContentHashPlugin resolve sources
<s> [webpack.Progress] 92% sealing asset processing RealContentHashPlugin
<s> [webpack.Progress] 92% sealing asset processing AnyComponentStyleBudgetChecker
<s> [webpack.Progress] 92% sealing asset processing
<s> [webpack.Progress] 93% sealing after asset optimization
<s> [webpack.Progress] 93% sealing after asset optimization
<s> [webpack.Progress] 93% sealing recording
<s> [webpack.Progress] 93% sealing recording
<s> [webpack.Progress] 94% sealing after seal
<s> [webpack.Progress] 94% sealing after seal
<s> [webpack.Progress] 95% emitting emit
<s> [webpack.Progress] 95% emitting emit fork-ts-checker-webpack-plugin
<s> [webpack.Progress] 95% emitting emit
<s> [webpack.Progress] 98% emitting after emit
<s> [webpack.Progress] 98% emitting after emit SizeLimitsPlugin
<s> [webpack.Progress] 98% emitting after emit
<s> [webpack.Progress] 99% done plugins
<s> [webpack.Progress] 99% done plugins CaseSensitivePathsPlugin
<s> [webpack.Progress] 99% done plugins fork-ts-checker-webpack-plugin
<s> [webpack.Progress] 99% done plugins fork-ts-checker-webpack-plugin
<s> [webpack.Progress] 99% done plugins
<s> [webpack.Progress] 99% 

<s> [webpack.Progress] 99% cache store build dependencies
<s> [webpack.Progress] 99% cache store build dependencies
<s> [webpack.Progress] 99% cache begin idle
<s> [webpack.Progress] 99% cache begin idle
<s> [webpack.Progress] 100% 

info => Preview built (4.33 min)
WARN System.import() is deprecated and will be removed soon. Use import() instead.
WARN For more info visit https://webpack.js.org/guides/code-splitting/
WARN System.import() is deprecated and will be removed soon. Use import() instead.
WARN For more info visit https://webpack.js.org/guides/code-splitting/
WARN Critical dependency: the request of a dependency is an expression
WARN Critical dependency: the request of a dependency is an expression
WARN asset size limit: The following asset(s) exceed the recommended size limit (244 KiB).
WARN This can impact web performance.
WARN Assets: 
WARN   main.1b0b3068.iframe.bundle.js (260 KiB)
WARN   142.787835bc.iframe.bundle.js (11.1 MiB)
WARN entrypoint size limit: The following entrypoint(s) combined asset size exceeds the recommended limit (244 KiB). This can impact web performance.
WARN Entrypoints:
WARN   main (11.4 MiB)
WARN       runtime~main.906609db.iframe.bundle.js
WARN       142.787835bc.iframe.bundle.js
WARN       main.1b0b3068.iframe.bundle.js
WARN 
<s> [webpack.Progress] 99% cache shutdown
<s> [webpack.Progress] 99% cache shutdown
<s> [webpack.Progress] 100% 

info => Output directory: C:\Users\clevi\AppData\Local\Temp\chromatic--7156-drff7TDPOJrt
